Reading package lists...
Building dependency tree...
Reading state information...
Calculating upgrade...
Ign:1 http://archive.ubuntu.com/ubuntu jammy InRelease
Ign:2 https://cli.github.com/packages stable InRelease
Ign:3 http://security.ubuntu.com/ubuntu jammy-security InRelease
Ign:4 http://archive.ubuntu.com/ubuntu jammy-updates InRelease
Ign:2 https://cli.github.com/packages stable InRelease
Ign:3 http://security.ubuntu.com/ubuntu jammy-security InRelease
Reading package lists...
Building dependency tree...
Reading state information...
Calculating upgrade...
The following packages will be upgraded:
  apt apt-utils base-files distro-info gh git-man libapt-pkg6.0 libldap-2.5-0
  libldap-common libunwind8 motd-news-config python-apt-common python3-apt
  python3-distro-info python3-distupgrade ubuntu-advantage-tools
  ubuntu-minimal ubuntu-release-upgrader-core ubuntu-standard ufw
20 upgraded, 0 newly installed, 0 to remove and 0 not upgraded.
Need to get 15.7 MB of archives.
After this operation, 1880 kB of additional disk space will be used.
Do you want to continue? [Y/n] 